<?xml version="1.0" encoding="UTF-8"?>
<testsuite name="de.danielr1996.banking.services.AggregateSaldoServiceTest" tests="1" skipped="1" failures="0" errors="0" timestamp="2019-10-29T20:50:58" hostname="Hermes" time="0.001">
  <properties/>
  <testcase name="aggregateSaldi()" classname="de.danielr1996.banking.services.AggregateSaldoServiceTest" time="0.001">
    <skipped/>
  </testcase>
  <system-out><![CDATA[]]></system-out>
  <system-err><![CDATA[]]></system-err>
</testsuite>
