<?xml version="1.0" encoding="UTF-8"?>
<testsuite name="de.danielr1996.banking.ArchitectureTest" tests="1" skipped="0" failures="0" errors="0" timestamp="2019-10-30T08:04:56" hostname="D6553988" time="0.862">
  <properties/>
  <testcase name="layers" classname="de.danielr1996.banking.ArchitectureTest" time="0.862"/>
  <system-out><![CDATA[]]></system-out>
  <system-err><![CDATA[]]></system-err>
</testsuite>
